<?xml version="1.0" encoding="UTF-8"?>
<!-- Generated by org.testng.reporters.JUnitReportReporter -->
<testsuite hostname="shankar" failures="0" tests="1" name="com.shadi.qa.tests.RegistrationBasicDetailsPageTest" time="10.617" errors="0" timestamp="16 Nov 2021 12:57:55 GMT" skipped="0">
  <testcase classname="com.shadi.qa.tests.RegistrationBasicDetailsPageTest" name="communityTest" time="10.617"/>
</testsuite> <!-- com.shadi.qa.tests.RegistrationBasicDetailsPageTest -->
