<?xml version="1.0" encoding="UTF-8"?>
<!-- Generated by org.testng.reporters.JUnitReportReporter -->
<testsuite hostname="shankar" failures="0" tests="2" name="com.shadi.qa.tests.RegistrationBasicDetailsPageTest" time="89.926" errors="0" timestamp="17 Nov 2021 05:09:02 GMT" skipped="0">
  <testcase classname="com.shadi.qa.tests.RegistrationBasicDetailsPageTest" name="marathiCommunityTest" time="47.279"/>
  <testcase classname="com.shadi.qa.tests.RegistrationBasicDetailsPageTest" name="gujaratiCommunityTest" time="42.647"/>
</testsuite> <!-- com.shadi.qa.tests.RegistrationBasicDetailsPageTest -->
